2026-03-01T09:14:19+00:00 CRITICAL Uncaught Error: Call to a member function get_cart_contents_count() on null in /home/promoc22/agavebendito.com.mx/wp-content/themes/shopstore/inc/theme-layout.php:96
Stack trace:
#0 /home/promoc22/agavebendito.com.mx/wp-includes/class-wp-hook.php(303): shopstore_header_container_middle('')
#1 /home/promoc22/agavebendito.com.mx/wp-includes/class-wp-hook.php(327): WP_Hook->apply_filters(NULL, Array)
#2 /home/promoc22/agavebendito.com.mx/wp-includes/plugin.php(470): WP_Hook->do_action(Array)
#3 /home/promoc22/agavebendito.com.mx/wp-content/themes/shopstore/header.php(41): do_action('shopstore_heade...')
#4 /home/promoc22/agavebendito.com.mx/wp-includes/template.php(770): require_once('/home/promoc22/...')
#5 /home/promoc22/agavebendito.com.mx/wp-includes/template.php(716): load_template('/home/promoc22/...', true, Array)
#6 /home/promoc22/agavebendito.com.mx/wp-includes/general-template.php(48): locate_template(Array, true, true, Array)
#7 /home/promoc22/agavebendito.com.mx/wp-content/themes/shopstore/404.php(11 en /home/promoc22/agavebendito.com.mx/wp-content/themes/shopstore/inc/theme-layout.php en la línea 96

2026-03-01T09:14:30+00:00 CRITICAL Uncaught Error: Call to a member function get_cart_contents_count() on null in /home/promoc22/agavebendito.com.mx/wp-content/themes/shopstore/inc/theme-layout.php:96
Stack trace:
#0 /home/promoc22/agavebendito.com.mx/wp-includes/class-wp-hook.php(303): shopstore_header_container_middle('')
#1 /home/promoc22/agavebendito.com.mx/wp-includes/class-wp-hook.php(327): WP_Hook->apply_filters(NULL, Array)
#2 /home/promoc22/agavebendito.com.mx/wp-includes/plugin.php(470): WP_Hook->do_action(Array)
#3 /home/promoc22/agavebendito.com.mx/wp-content/themes/shopstore/header.php(41): do_action('shopstore_heade...')
#4 /home/promoc22/agavebendito.com.mx/wp-includes/template.php(770): require_once('/home/promoc22/...')
#5 /home/promoc22/agavebendito.com.mx/wp-includes/template.php(716): load_template('/home/promoc22/...', true, Array)
#6 /home/promoc22/agavebendito.com.mx/wp-includes/general-template.php(48): locate_template(Array, true, true, Array)
#7 /home/promoc22/agavebendito.com.mx/wp-content/themes/shopstore/404.php(11 en /home/promoc22/agavebendito.com.mx/wp-content/themes/shopstore/inc/theme-layout.php en la línea 96

2026-03-01T09:14:31+00:00 CRITICAL Uncaught Error: Call to a member function get_cart_contents_count() on null in /home/promoc22/agavebendito.com.mx/wp-content/themes/shopstore/inc/theme-layout.php:96
Stack trace:
#0 /home/promoc22/agavebendito.com.mx/wp-includes/class-wp-hook.php(303): shopstore_header_container_middle('')
#1 /home/promoc22/agavebendito.com.mx/wp-includes/class-wp-hook.php(327): WP_Hook->apply_filters(NULL, Array)
#2 /home/promoc22/agavebendito.com.mx/wp-includes/plugin.php(470): WP_Hook->do_action(Array)
#3 /home/promoc22/agavebendito.com.mx/wp-content/themes/shopstore/header.php(41): do_action('shopstore_heade...')
#4 /home/promoc22/agavebendito.com.mx/wp-includes/template.php(770): require_once('/home/promoc22/...')
#5 /home/promoc22/agavebendito.com.mx/wp-includes/template.php(716): load_template('/home/promoc22/...', true, Array)
#6 /home/promoc22/agavebendito.com.mx/wp-includes/general-template.php(48): locate_template(Array, true, true, Array)
#7 /home/promoc22/agavebendito.com.mx/wp-content/themes/shopstore/404.php(11 en /home/promoc22/agavebendito.com.mx/wp-content/themes/shopstore/inc/theme-layout.php en la línea 96

